[debug] [2023-05-02T20:24:34.135Z] ----------------------------------------------------------------------
[debug] [2023-05-02T20:24:34.160Z] Command:       C:\Program Files\nodejs\node.exe C:\Users\user\AppData\Roaming\npm\node_modules\firebase-tools\lib\bin\firebase.js login
[debug] [2023-05-02T20:24:34.162Z] CLI Version:   11.17.0
[debug] [2023-05-02T20:24:34.163Z] Platform:      win32
[debug] [2023-05-02T20:24:34.163Z] Node Version:  v18.16.0
[debug] [2023-05-02T20:24:34.360Z] Time:          Wed May 03 2023 03:24:34 GMT+0700 (เวลาอินโดจีน)
[debug] [2023-05-02T20:24:34.361Z] ----------------------------------------------------------------------
[debug] 
[debug] [2023-05-02T20:24:34.401Z] >>> [apiv2][query] GET https://firebase-public.firebaseio.com/cli.json [none]
[info] Already logged in as napatcha.phap@bumail.net
[debug] [2023-05-02T20:24:45.450Z] Error: Timed out.
    at Timeout._onTimeout (C:\Users\user\AppData\Roaming\npm\node_modules\firebase-tools\lib\utils.js:253:49)
    at listOnTimeout (node:internal/timers:569:17)
    at process.processTimers (node:internal/timers:512:7)
[error] 
[error] Error: An unexpected error has occurred.
[debug] [2023-05-02T20:25:31.695Z] ----------------------------------------------------------------------
[debug] [2023-05-02T20:25:31.698Z] Command:       C:\Program Files\nodejs\node.exe C:\Users\user\AppData\Roaming\npm\node_modules\firebase-tools\lib\bin\firebase.js init
[debug] [2023-05-02T20:25:31.699Z] CLI Version:   11.17.0
[debug] [2023-05-02T20:25:31.700Z] Platform:      win32
[debug] [2023-05-02T20:25:31.700Z] Node Version:  v18.16.0
[debug] [2023-05-02T20:25:31.702Z] Time:          Wed May 03 2023 03:25:31 GMT+0700 (เวลาอินโดจีน)
[debug] [2023-05-02T20:25:31.702Z] ----------------------------------------------------------------------
[debug] 
[debug] [2023-05-02T20:25:31.709Z] >>> [apiv2][query] GET https://firebase-public.firebaseio.com/cli.json [none]
[debug] [2023-05-02T20:25:31.815Z] > command requires scopes: ["email","openid","https://www.googleapis.com/auth/cloudplatformprojects.readonly","https://www.googleapis.com/auth/firebase","https://www.googleapis.com/auth/cloud-platform"]
[debug] [2023-05-02T20:25:31.815Z] > authorizing via signed-in user (napatcha.phap@bumail.net)
[info] 
     ######## #### ########  ######## ########     ###     ######  ########
     ##        ##  ##     ## ##       ##     ##  ##   ##  ##       ##
     ######    ##  ########  ######   ########  #########  ######  ######
     ##        ##  ##    ##  ##       ##     ## ##     ##       ## ##
     ##       #### ##     ## ######## ########  ##     ##  ######  ########

You're about to initialize a Firebase project in this directory:

  D:\Users\user\Downloads\vowel2

[warn] !  Unable to fetch the CLI MOTD and remote config. 
[debug] [2023-05-02T20:25:52.962Z] Failed to fetch MOTD FirebaseError: Failed to make request to https://firebase-public.firebaseio.com/cli.json
[info] 
=== Project Setup
[info] 
[info] First, let's associate this project directory with a Firebase project.
[info] You can create multiple project aliases by running firebase use --add, 
[info] but for now we'll just set up a default project.
[info] 
[info] i  If you want to create a project in a Google Cloud organization or folder, please use "firebase projects:create" instead, and return to this command when you've created the project. 
[debug] [2023-05-02T20:26:25.888Z] Error: Timed out.
    at Timeout._onTimeout (C:\Users\user\AppData\Roaming\npm\node_modules\firebase-tools\lib\utils.js:253:49)
    at listOnTimeout (node:internal/timers:569:17)
    at process.processTimers (node:internal/timers:512:7)
[error] 
[error] Error: An unexpected error has occurred.
